2021-03-17 12:13:54.380 | INFO     | httprunner.runner:test_start:450 - Start to run testcase: testcase description, TestCase ID: e0491333-197d-49db-a3ee-210342b1b5b9
2021-03-17 12:13:54.385 | INFO     | httprunner.runner:__run_step:292 - run step begin: /app/folders/recent >>>>>>
2021-03-17 12:13:54.678 | DEBUG    | httprunner.client:request:186 - client IP: 192.168.231.179, Port: 59228
2021-03-17 12:13:54.682 | DEBUG    | httprunner.client:request:194 - server IP: 112.28.200.248, Port: 443
2021-03-17 12:13:54.685 | DEBUG    | httprunner.client:log_print:40 - 
================== request details ==================
method   : GET
url      : https://mubu.com/app/folders/recent
headers  : {
    "user-agent": "Mozilla/5.0 (Windows NT 10.0; Win64; x64) AppleWebKit/537.36 (KHTML, like Gecko) Chrome/88.0.4324.190 Safari/537.36",
    "accept-encoding": "gzip, deflate, br",
    "accept": "text/html,application/xhtml+xml,application/xml;q=0.9,image/avif,image/webp,image/apng,*/*;q=0.8,application/signed-exchange;v=b3;q=0.9",
    "Connection": "keep-alive",
    "accept-language": "zh-CN,zh;q=0.9",
    "cache-control": "max-age=0",
    "referer": "https://mubu.com/app",
    "sec-fetch-dest": "document",
    "sec-fetch-mode": "navigate",
    "sec-fetch-site": "same-origin",
    "sec-fetch-user": "?1",
    "upgrade-insecure-requests": "1",
    "HRUN-Request-ID": "HRUN-e0491333-197d-49db-a3ee-210342b1b5b9-434388",
    "Cookie": "Hm_lpvt_4426cbb0486a79ea049b4ad52d81b504=1615895536; Hm_lvt_4426cbb0486a79ea049b4ad52d81b504=1615895535; Jwt-Token=eyJ0eXAiOiJKV1QiLCJhbGciOiJIUzUxMiJ9.eyJhcHAiOiJtdWJ1Iiwic3ViIjoiMTEzODI5MjUiLCJleHAiOjE2MTg0ODc1NTMsImlhdCI6MTYxNTg5NTU1M30.qQPgP5DQcpnHa5fFFZD-T-iOJ4vDExO_MwIbDxGh6PK3jCDYmCPN0Pi8ZzU82ao8rXqH_ZU69J8zW0W464cgtg; SESSION=7270b46c-a866-462b-8901-eae928134757; SLARDAR_WEB_ID=828c440e-0e14-47ca-8892-80ac55773af3; _ga=GA1.2.1089513375.1615895534; _gat_UA-77727571-3=1; _gid=GA1.2.1196892541.1615895534; country=US; csrf_token=2ac274a9-430c-4ba0-a49e-5401c40e9e8d; data_unique_id=e23852bf-c225-43e6-8ce5-ea88ee9496ff; language=en-US; reg_entrance=https%3A%2F%2Fmubu.com%2F; reg_focusId=3e095b8d-377b-4873-8581-1783ae12696; reg_from=https%3A%2F%2Fwww.baidu.com%2Flink%3Furl%3D-RXmEDPPQlki1jrmKURj4OXCgSPCNfEkUTNrdeF1gku%26wd%3D%26eqid%3Da2263e9a0004560d0000000560509beb; reg_prepareId=1783ae122da-1783ae122d6-4873-8581-a5ab61232657; user_persistence=f3a9ee80-a3df-444b-8019-cfefec6babe2"
}
cookies  : {
    "Hm_lpvt_4426cbb0486a79ea049b4ad52d81b504": "1615895536",
    "Hm_lvt_4426cbb0486a79ea049b4ad52d81b504": "1615895535",
    "Jwt-Token": "eyJ0eXAiOiJKV1QiLCJhbGciOiJIUzUxMiJ9.eyJhcHAiOiJtdWJ1Iiwic3ViIjoiMTEzODI5MjUiLCJleHAiOjE2MTg0ODc1NTMsImlhdCI6MTYxNTg5NTU1M30.qQPgP5DQcpnHa5fFFZD-T-iOJ4vDExO_MwIbDxGh6PK3jCDYmCPN0Pi8ZzU82ao8rXqH_ZU69J8zW0W464cgtg",
    "SESSION": "7270b46c-a866-462b-8901-eae928134757",
    "SLARDAR_WEB_ID": "828c440e-0e14-47ca-8892-80ac55773af3",
    "_ga": "GA1.2.1089513375.1615895534",
    "_gat_UA-77727571-3": "1",
    "_gid": "GA1.2.1196892541.1615895534",
    "country": "US",
    "csrf_token": "2ac274a9-430c-4ba0-a49e-5401c40e9e8d",
    "data_unique_id": "e23852bf-c225-43e6-8ce5-ea88ee9496ff",
    "language": "en-US",
    "reg_entrance": "https%3A%2F%2Fmubu.com%2F",
    "reg_focusId": "3e095b8d-377b-4873-8581-1783ae12696",
    "reg_from": "https%3A%2F%2Fwww.baidu.com%2Flink%3Furl%3D-RXmEDPPQlki1jrmKURj4OXCgSPCNfEkUTNrdeF1gku%26wd%3D%26eqid%3Da2263e9a0004560d0000000560509beb",
    "reg_prepareId": "1783ae122da-1783ae122d6-4873-8581-a5ab61232657",
    "user_persistence": "f3a9ee80-a3df-444b-8019-cfefec6babe2"
}
body     : None

2021-03-17 12:13:54.692 | DEBUG    | httprunner.client:log_print:40 - 
================== response details ==================
status_code : 200
headers  : {
    "Server": "Tengine",
    "Content-Type": "text/html; charset=utf-8",
    "Transfer-Encoding": "chunked",
    "Connection": "keep-alive",
    "Date": "Wed, 17 Mar 2021 04:13:55 GMT",
    "Vary": "Accept-Encoding",
    "X-TT-LOGID": "202103171213550101501320845800FC33",
    "X-XSS-Protection": "1; mode=block",
    "X-Frame-Options": "SAMEORIGIN",
    "X-Content-Type-Options": "nosniff",
    "X-Download-Options": "noopen",
    "server-timing": "inner; dur=124, cdn-cache;desc=MISS,edge;dur=17,origin;dur=155",
    "x-tt-trace-host": "01c9b70c0e257282339fbf58326720ee9f6a6dcb80efaf75842f6d3daabbc884dacf788218713272f093afebb9d60a2d26c9956ceeb65b6c08a8b152a9fea64e968a480c9ca5e9ad983df5f8e5a359db8e",
    "x-tt-trace-tag": "id=03;cdn-cache=miss;type=dyn",
    "X-TT-TIMESTAMP": "1615954435.386",
    "Content-Encoding": "gzip",
    "Via": "cache24.l2ea120-8[155,0], vcache21.cn2888[172,0]",
    "Timing-Allow-Origin": "*",
    "EagleId": "701cc8a116159544352364770e"
}
cookies  : {}
encoding : utf-8
content_type : text/html; charset=utf-8
body     : <!DOCTYPE html><html lang="zh-CN"><head><meta charset="UTF-8"/><meta name="viewport" content="width=device-width, initial-scale=1.0, maximum-scale=1.0, minimum-scale=1.0, user-scalable=no"/><meta http-equiv="X-UA-Compatible" content="ie=edge"/><link rel="icon" type="image/png" href="https://sf1-dycdn-tos.pstatp.com/obj/eden-cn/792eh7bouloj/mubu/favicon.ico"/><link rel="stylesheet" href="//lf1-ttcdn-tos.pstatp.com/obj/mubu-assets/app-6007c9f2e26bf1da34e6.css" crossorigin="anonymous"/><title>loading...</title ... OMITTED 3234 CHARACTORS ...

2021-03-17 12:13:54.694 | INFO     | httprunner.client:request:217 - status_code: 200, response_time(ms): 289.69 ms, response_length: 0 bytes
2021-03-17 12:13:54.695 | INFO     | httprunner.response:validate:246 - assert status_code equal 200(int)	==> pass
2021-03-17 12:13:54.697 | INFO     | httprunner.runner:__run_step:304 - run step end: /app/folders/recent <<<<<<

2021-03-17 12:13:54.699 | INFO     | httprunner.runner:__run_step:292 - run step begin: /v3/api/user/profile >>>>>>
2021-03-17 12:13:54.984 | DEBUG    | httprunner.client:request:186 - client IP: 192.168.231.179, Port: 59229
2021-03-17 12:13:54.994 | DEBUG    | httprunner.client:request:194 - server IP: 36.156.208.238, Port: 443
2021-03-17 12:13:55.007 | DEBUG    | httprunner.client:log_print:40 - 
================== request details ==================
method   : POST
url      : https://api2.mubu.com/v3/api/user/profile
headers  : {
    "user-agent": "Mozilla/5.0 (Windows NT 10.0; Win64; x64) AppleWebKit/537.36 (KHTML, like Gecko) Chrome/88.0.4324.190 Safari/537.36",
    "accept-encoding": "gzip, deflate, br",
    "accept": "application/json, text/plain, */*",
    "Connection": "keep-alive",
    "accept-language": "zh-CN,zh;q=0.9",
    "content-length": "0",
    "data-unique-id": "e23852bf-c225-43e6-8ce5-ea88ee9496ff",
    "jwt-token": "eyJ0eXAiOiJKV1QiLCJhbGciOiJIUzUxMiJ9.eyJhcHAiOiJtdWJ1Iiwic3ViIjoiMTEzODI5MjUiLCJleHAiOjE2MTg0ODc1NTMsImlhdCI6MTYxNTg5NTU1M30.qQPgP5DQcpnHa5fFFZD-T-iOJ4vDExO_MwIbDxGh6PK3jCDYmCPN0Pi8ZzU82ao8rXqH_ZU69J8zW0W464cgtg",
    "origin": "https://mubu.com",
    "referer": "https://mubu.com/",
    "sec-fetch-dest": "empty",
    "sec-fetch-mode": "cors",
    "sec-fetch-site": "same-site",
    "version": "3.0.0.21145",
    "x-request-id": "8c53b647-61f5-4dc5-b03e-6c1bfbcc6bf3",
    "HRUN-Request-ID": "HRUN-e0491333-197d-49db-a3ee-210342b1b5b9-434701"
}
cookies  : {}
body     : None

2021-03-17 12:13:55.015 | DEBUG    | httprunner.client:log_print:40 - 
================== response details ==================
status_code : 200
headers  : {
    "Server": "Tengine",
    "Content-Type": "application/json;charset=UTF-8",
    "Transfer-Encoding": "chunked",
    "Connection": "keep-alive",
    "Date": "Wed, 17 Mar 2021 04:13:55 GMT",
    "Vary": "Accept-Encoding",
    "access-control-allow-origin": "*",
    "access-control-allow-methods": "POST,GET,OPTIONS,DELETE,HEAD,PUT",
    "access-control-max-age": "86400",
    "access-control-allow-credentials": "true",
    "access-control-allow-headers": "X-request-Id,x-requested-with,jwt-token,request-id,member-id,Content-Type,X-FILENAME,data-unique-id,AB-Server-Version,Device-Id,token,Channel-Id,channel,system,platform,Channel-Name,version,mubu-app,mubu-desktop,Checksum,user-agent,Origin,Accept",
    "x-application-context": "mubu.biz.openapi:online.cn:9348",
    "X-Tt-Logid": "202103171213550102121660715303199C",
    "x-envoy-response-flags": "-",
    "X-Agw-Info": "4Ig5pugpY96cE4aAjEUaZ7yeX2AisC9e6LZSj5H7vJ6Ra2FCONYeuLH3X6NJy18fNM6FqAAuXDv5OdJXhFH1qc9sMPpuL1rmzu4bYkDXgJbVPJaSIgCFuWQatb7OI2q3yFQY_GuWVAOiywniaZ7DcpGbP5nKDDu1mDo=",
    "X-TRANS-LEVEL": "0",
    "Server-Timing": "inner; dur=20, tt_agw; dur=17",
    "x-tt-trace-host": "014c3d37311fcbb99c95d5e408fe4ba5e717987e9619ddb9275093fb4763389ae7a317a3d4e58298abb05a7036e80864fe18143f7c5800c055d54e6bdc0ba8d5bba9fe6f01eab28bdd23b62a3427ca2b37",
    "x-tt-trace-tag": "id=3;cdn-cache=miss",
    "X-TT-TIMESTAMP": "1615954435.686",
    "Content-Encoding": "gzip",
    "Via": "c31.l2ea120-6(81,0), vc21.cn1909(119,0)",
    "Timing-Allow-Origin": "*",
    "EagleId": "249cd0ab16159544355966054e"
}
cookies  : {}
encoding : UTF-8
content_type : application/json;charset=UTF-8
body     : {
    "code": 0,
    "data": {
        "expert": false,
        "setEncryptPassword": false,
        "level": 1,
        "student": 0,
        "photo": "photo/DEFAULT-AVATAR-9933f49c-8adf-4546-8e6c-15c1843718dc.jpg",
        "wxId": "",
        "passSecure": false,
        "sort": "time",
        "qqId": "",
        "sermon": false,
        "view": "grid",
        "phone": "15850748167",
        "inviteCount": 0,
        "name": "\u5e55\u5e03\u7528\u623748161946",
        "id": 11382925,
        "qqName": "",
        "wxName": "",
        "vipEndDate": "20210331"
    }
}

2021-03-17 12:13:55.017 | INFO     | httprunner.client:request:217 - status_code: 200, response_time(ms): 282.77 ms, response_length: 0 bytes
2021-03-17 12:13:55.022 | INFO     | httprunner.response:validate:246 - assert status_code equal 200(int)	==> pass
2021-03-17 12:13:55.024 | INFO     | httprunner.response:validate:246 - assert body.code equal 0(int)	==> pass
2021-03-17 12:13:55.026 | INFO     | httprunner.runner:__run_step:304 - run step end: /v3/api/user/profile <<<<<<

2021-03-17 12:13:55.027 | INFO     | httprunner.runner:__run_step:292 - run step begin: /v3/api/list/get >>>>>>
2021-03-17 12:13:56.174 | DEBUG    | httprunner.client:request:186 - client IP: 192.168.231.179, Port: 59229
2021-03-17 12:13:56.182 | DEBUG    | httprunner.client:request:194 - server IP: 36.156.208.238, Port: 443
2021-03-17 12:13:56.184 | DEBUG    | httprunner.client:log_print:40 - 
================== request details ==================
method   : POST
url      : https://api2.mubu.com/v3/api/list/get
headers  : {
    "user-agent": "Mozilla/5.0 (Windows NT 10.0; Win64; x64) AppleWebKit/537.36 (KHTML, like Gecko) Chrome/88.0.4324.190 Safari/537.36",
    "accept-encoding": "gzip, deflate, br",
    "accept": "application/json, text/plain, */*",
    "Connection": "keep-alive",
    "accept-language": "zh-CN,zh;q=0.9",
    "Content-Length": "67",
    "content-type": "application/json;charset=UTF-8",
    "data-unique-id": "e23852bf-c225-43e6-8ce5-ea88ee9496ff",
    "jwt-token": "eyJ0eXAiOiJKV1QiLCJhbGciOiJIUzUxMiJ9.eyJhcHAiOiJtdWJ1Iiwic3ViIjoiMTEzODI5MjUiLCJleHAiOjE2MTg0ODc1NTMsImlhdCI6MTYxNTg5NTU1M30.qQPgP5DQcpnHa5fFFZD-T-iOJ4vDExO_MwIbDxGh6PK3jCDYmCPN0Pi8ZzU82ao8rXqH_ZU69J8zW0W464cgtg",
    "origin": "https://mubu.com",
    "referer": "https://mubu.com/",
    "sec-fetch-dest": "empty",
    "sec-fetch-mode": "cors",
    "sec-fetch-site": "same-site",
    "version": "3.0.0.21145",
    "x-request-id": "97cbc0a6-0527-4792-a45a-3eebc1810b97",
    "HRUN-Request-ID": "HRUN-e0491333-197d-49db-a3ee-210342b1b5b9-435029"
}
cookies  : {}
body     : {
    "folderId": 0,
    "keywords": "",
    "sort": "time",
    "source": "recent"
}

2021-03-17 12:13:56.188 | DEBUG    | httprunner.client:log_print:40 - 
================== response details ==================
status_code : 200
headers  : {
    "Server": "Tengine",
    "Content-Type": "application/json;charset=UTF-8",
    "Transfer-Encoding": "chunked",
    "Connection": "keep-alive",
    "Date": "Wed, 17 Mar 2021 04:13:56 GMT",
    "Vary": "Accept-Encoding",
    "access-control-allow-origin": "*",
    "access-control-allow-methods": "POST,GET,OPTIONS,DELETE,HEAD,PUT",
    "access-control-max-age": "86400",
    "access-control-allow-credentials": "true",
    "access-control-allow-headers": "X-request-Id,x-requested-with,jwt-token,request-id,member-id,Content-Type,X-FILENAME,data-unique-id,AB-Server-Version,Device-Id,token,Channel-Id,channel,system,platform,Channel-Name,version,mubu-app,mubu-desktop,Checksum,user-agent,Origin,Accept",
    "x-application-context": "mubu.biz.openapi:online.cn:9327",
    "X-Tt-Logid": "2021031712135601021219214003032C3A",
    "x-envoy-response-flags": "-",
    "X-Agw-Info": "sLYCbKMiA6PqAtpwk-4uGFGLdqwB43lgw9qdFXgCiGrbiK-0kXNtdSSJapxbcJzEzVsITLpPXUdujDrifxqpVO6w8VfCDnboSUglsaGjwJJYhShJgPhQDvVnPEPxTrog_zMpwEnMzfQItsRXl4nk9W_w9_qJ4t9HKuua",
    "X-TRANS-LEVEL": "0",
    "Server-Timing": "inner; dur=12, tt_agw; dur=7",
    "x-tt-trace-host": "01c9b70c0e257282339fbf58326720ee9f6d53600a470f21dd3e5125d6abe67b585d63b9040690f64972515db1b8ae2f9004ea00d212860fa041f85543ebd16222bbe79637babd30a6d2c49e0f7e7b3274",
    "x-tt-trace-tag": "id=3;cdn-cache=miss",
    "X-TT-TIMESTAMP": "1615954436.885",
    "Content-Encoding": "gzip",
    "Via": "c15.l2eu95-2(37,0), vc21.cn1909(1129,0)",
    "Timing-Allow-Origin": "*",
    "EagleId": "249cd0ab16159544357766678e"
}
cookies  : {}
encoding : UTF-8
content_type : application/json;charset=UTF-8
body     : {
    "code": 0,
    "data": {
        "folders": [],
        "documents": [
            {
                "deleted": 0,
                "role": 31,
                "encrypted": 0,
                "createTime": 1615895197980,
                "name": "\u6b22\u8fce\u4f7f\u7528\u5e55\u5e03\uff5c\u5165\u95e8\u6307\u5357",
                "updateTime": 1615895197909,
                "id": "3cWG1vntDEJ~0",
                "stared": 0,
                "userName": "\u5e55\u5e03\u7528\u623748161946",
                "userId": 11382925,
                "folderId": "0"
            }
        ],
        "source": "recent",
        "dir": [],
        "folderId": "0"
    }
}

2021-03-17 12:13:56.190 | INFO     | httprunner.client:request:217 - status_code: 200, response_time(ms): 1144.3 ms, response_length: 0 bytes
2021-03-17 12:13:56.192 | INFO     | httprunner.response:validate:246 - assert status_code equal 200(int)	==> pass
2021-03-17 12:13:56.194 | INFO     | httprunner.response:validate:246 - assert body.code equal 0(int)	==> pass
2021-03-17 12:13:56.195 | INFO     | httprunner.runner:__run_step:304 - run step end: /v3/api/list/get <<<<<<

2021-03-17 12:13:56.197 | INFO     | httprunner.runner:__run_step:292 - run step begin: /v3/api/list/item_count >>>>>>
2021-03-17 12:13:56.303 | DEBUG    | httprunner.client:request:186 - client IP: 192.168.231.179, Port: 59229
2021-03-17 12:13:56.306 | DEBUG    | httprunner.client:request:194 - server IP: 36.156.208.238, Port: 443
2021-03-17 12:13:56.308 | DEBUG    | httprunner.client:log_print:40 - 
================== request details ==================
method   : POST
url      : https://api2.mubu.com/v3/api/list/item_count
headers  : {
    "user-agent": "Mozilla/5.0 (Windows NT 10.0; Win64; x64) AppleWebKit/537.36 (KHTML, like Gecko) Chrome/88.0.4324.190 Safari/537.36",
    "accept-encoding": "gzip, deflate, br",
    "accept": "application/json, text/plain, */*",
    "Connection": "keep-alive",
    "accept-language": "zh-CN,zh;q=0.9",
    "Content-Length": "35",
    "content-type": "application/json;charset=UTF-8",
    "data-unique-id": "e23852bf-c225-43e6-8ce5-ea88ee9496ff",
    "jwt-token": "eyJ0eXAiOiJKV1QiLCJhbGciOiJIUzUxMiJ9.eyJhcHAiOiJtdWJ1Iiwic3ViIjoiMTEzODI5MjUiLCJleHAiOjE2MTg0ODc1NTMsImlhdCI6MTYxNTg5NTU1M30.qQPgP5DQcpnHa5fFFZD-T-iOJ4vDExO_MwIbDxGh6PK3jCDYmCPN0Pi8ZzU82ao8rXqH_ZU69J8zW0W464cgtg",
    "origin": "https://mubu.com",
    "referer": "https://mubu.com/",
    "sec-fetch-dest": "empty",
    "sec-fetch-mode": "cors",
    "sec-fetch-site": "same-site",
    "version": "3.0.0.21145",
    "x-request-id": "66fd3aea-4937-407e-bda0-ab3723e68484",
    "HRUN-Request-ID": "HRUN-e0491333-197d-49db-a3ee-210342b1b5b9-436198"
}
cookies  : {}
body     : {
    "folderId": 0,
    "source": "recent"
}

2021-03-17 12:13:56.310 | DEBUG    | httprunner.client:log_print:40 - 
================== response details ==================
status_code : 200
headers  : {
    "Server": "Tengine",
    "Content-Type": "application/json;charset=UTF-8",
    "Transfer-Encoding": "chunked",
    "Connection": "keep-alive",
    "Date": "Wed, 17 Mar 2021 04:13:57 GMT",
    "Vary": "Accept-Encoding",
    "access-control-allow-origin": "*",
    "access-control-allow-methods": "POST,GET,OPTIONS,DELETE,HEAD,PUT",
    "access-control-max-age": "86400",
    "access-control-allow-credentials": "true",
    "access-control-allow-headers": "X-request-Id,x-requested-with,jwt-token,request-id,member-id,Content-Type,X-FILENAME,data-unique-id,AB-Server-Version,Device-Id,token,Channel-Id,channel,system,platform,Channel-Name,version,mubu-app,mubu-desktop,Checksum,user-agent,Origin,Accept",
    "x-application-context": "mubu.biz.openapi:online.cn:9407",
    "X-Tt-Logid": "202103171213570102121931545A031FDD",
    "x-envoy-response-flags": "-",
    "X-Agw-Info": "BNrK_1edJ4Rp9kXxXZbC5EFTmcO_3hfLK7egE2e6vVmTUlvpq5nvvaRcpfKpex3aiow34TclyJpBpalOAjnFFYDoXEC7ouo_h2-tFf6ypDr9pGMqMZIOfoW8iZaSmZRHM1WuWRm7aZxsfkfNOpDBe7k2OSm_LivJ9rxj",
    "X-TRANS-LEVEL": "0",
    "Server-Timing": "inner; dur=16, tt_agw; dur=11",
    "x-tt-trace-host": "01c9b70c0e257282339fbf58326720ee9f00987180bf9e4f1a257308debc34c95bb3c7ca571d1334f23fa72d8c195689ccc4a9b9f149a4d1cf2ceac8154ddbc367b63c06e343c303ca15ac920855b77067",
    "x-tt-trace-tag": "id=3;cdn-cache=miss",
    "X-TT-TIMESTAMP": "1615954437.020",
    "Content-Encoding": "gzip",
    "Via": "c16.l2eu95-2(41,0), vc21.cn1909(88,0)",
    "Timing-Allow-Origin": "*",
    "EagleId": "249cd0ab16159544369492564e"
}
cookies  : {}
encoding : UTF-8
content_type : application/json;charset=UTF-8
body     : {
    "code": 0,
    "data": {
        "folder": {},
        "doc": {
            "3cWG1vntDEJ~0": 24
        }
    }
}

2021-03-17 12:13:56.313 | INFO     | httprunner.client:request:217 - status_code: 200, response_time(ms): 104.27 ms, response_length: 0 bytes
2021-03-17 12:13:56.315 | INFO     | httprunner.response:validate:246 - assert status_code equal 200(int)	==> pass
2021-03-17 12:13:56.317 | INFO     | httprunner.response:validate:246 - assert body.code equal 0(int)	==> pass
2021-03-17 12:13:56.319 | INFO     | httprunner.runner:__run_step:304 - run step end: /v3/api/list/item_count <<<<<<

2021-03-17 12:13:56.321 | INFO     | httprunner.runner:__run_step:292 - run step begin: /v3/api/list/get_all_documents_page >>>>>>
2021-03-17 12:13:56.452 | DEBUG    | httprunner.client:request:186 - client IP: 192.168.231.179, Port: 59229
2021-03-17 12:13:56.456 | DEBUG    | httprunner.client:request:194 - server IP: 36.156.208.238, Port: 443
2021-03-17 12:13:56.458 | DEBUG    | httprunner.client:log_print:40 - 
================== request details ==================
method   : POST
url      : https://api2.mubu.com/v3/api/list/get_all_documents_page
headers  : {
    "user-agent": "Mozilla/5.0 (Windows NT 10.0; Win64; x64) AppleWebKit/537.36 (KHTML, like Gecko) Chrome/88.0.4324.190 Safari/537.36",
    "accept-encoding": "gzip, deflate, br",
    "accept": "application/json, text/plain, */*",
    "Connection": "keep-alive",
    "accept-language": "zh-CN,zh;q=0.9",
    "Content-Length": "13",
    "content-type": "application/json;charset=UTF-8",
    "data-unique-id": "e23852bf-c225-43e6-8ce5-ea88ee9496ff",
    "jwt-token": "eyJ0eXAiOiJKV1QiLCJhbGciOiJIUzUxMiJ9.eyJhcHAiOiJtdWJ1Iiwic3ViIjoiMTEzODI5MjUiLCJleHAiOjE2MTg0ODc1NTMsImlhdCI6MTYxNTg5NTU1M30.qQPgP5DQcpnHa5fFFZD-T-iOJ4vDExO_MwIbDxGh6PK3jCDYmCPN0Pi8ZzU82ao8rXqH_ZU69J8zW0W464cgtg",
    "origin": "https://mubu.com",
    "referer": "https://mubu.com/",
    "sec-fetch-dest": "empty",
    "sec-fetch-mode": "cors",
    "sec-fetch-site": "same-site",
    "version": "3.0.0.21145",
    "x-request-id": "11114083-881a-4f5a-8087-cb2d9edfc7e7",
    "HRUN-Request-ID": "HRUN-e0491333-197d-49db-a3ee-210342b1b5b9-436328"
}
cookies  : {}
body     : {
    "start": ""
}

2021-03-17 12:13:56.461 | DEBUG    | httprunner.client:log_print:40 - 
================== response details ==================
status_code : 200
headers  : {
    "Server": "Tengine",
    "Content-Type": "application/json;charset=UTF-8",
    "Transfer-Encoding": "chunked",
    "Connection": "keep-alive",
    "Date": "Wed, 17 Mar 2021 04:13:57 GMT",
    "Vary": "Accept-Encoding",
    "access-control-allow-origin": "*",
    "access-control-allow-methods": "POST,GET,OPTIONS,DELETE,HEAD,PUT",
    "access-control-max-age": "86400",
    "access-control-allow-credentials": "true",
    "access-control-allow-headers": "X-request-Id,x-requested-with,jwt-token,request-id,member-id,Content-Type,X-FILENAME,data-unique-id,AB-Server-Version,Device-Id,token,Channel-Id,channel,system,platform,Channel-Name,version,mubu-app,mubu-desktop,Checksum,user-agent,Origin,Accept",
    "x-application-context": "mubu.biz.openapi:online.cn:9338",
    "X-Tt-Logid": "2021031712135701015021816715010D56",
    "x-envoy-response-flags": "-",
    "X-Agw-Info": "kgej9TGUenv3YRBygoZ-sv96J49sqfNXhokBr-tfdTz1mf72F8GMBQX0fLqI7Jx4IS5VgSoj1n5lZ4AAqLbEfGRa2RbkMiE3VXzGZ3BpUWJap-zpegYgp_C-hgDYZWOV8bdo5JNrVFph_asLvSjG4LYAYG82VUqSoshx",
    "X-TRANS-LEVEL": "0",
    "Server-Timing": "inner; dur=12, tt_agw; dur=11",
    "x-tt-trace-host": "014c3d37311fcbb99c95d5e408fe4ba5e7fbacfa05f72497ac4104663baf83efce0a335f9c5250e3e373ccc3f48915a5b6aa7f2005da1847b86cb7f41f72a9d590e45559e5aca3200b8eb1dbf29fb38d13",
    "x-tt-trace-tag": "id=3;cdn-cache=miss",
    "X-TT-TIMESTAMP": "1615954437.152",
    "Content-Encoding": "gzip",
    "Via": "c23.l2ea120-6(80,0), vc21.cn1909(117,0)",
    "Timing-Allow-Origin": "*",
    "EagleId": "249cd0ab16159544370682895e"
}
cookies  : {}
encoding : UTF-8
content_type : application/json;charset=UTF-8
body     : {
    "code": 0,
    "data": {
        "documents": [
            {
                "id": "3cWG1vntDEJ~0",
                "folderId": "0",
                "name": "\u6b22\u8fce\u4f7f\u7528\u5e55\u5e03\uff5c\u5165\u95e8\u6307\u5357",
                "userId": 11382925,
                "createTime": 1615895197909,
                "updateTime": 1615895197909,
                "itemCount": 0,
                "deleted": 0,
                "deleteTime": 0,
                "switched": 0,
                "encrypted": 0,
                "stared": 0,
                "starIndex": 0,
                "viewCount": 0,
                "version": 1615895197909,
                "commitClient": "web",
                "type": 3,
                "praiseCount": 0,
                "commentCount": 0,
                "rewardCount": 0,
                "collectCount": 0,
                "syncState": 0,
                "openEdit": 0,
                "collaboratorCount": 0,
                "metaVersion": 1615895197909,
                "isCommunityShare": 0
            }
        ]
    }
}

2021-03-17 12:13:56.464 | INFO     | httprunner.client:request:217 - status_code: 200, response_time(ms): 123.26 ms, response_length: 0 bytes
2021-03-17 12:13:56.468 | INFO     | httprunner.response:validate:246 - assert status_code equal 200(int)	==> pass
2021-03-17 12:13:56.471 | INFO     | httprunner.response:validate:246 - assert body.code equal 0(int)	==> pass
2021-03-17 12:13:56.473 | INFO     | httprunner.runner:__run_step:304 - run step end: /v3/api/list/get_all_documents_page <<<<<<

2021-03-17 12:13:56.475 | INFO     | httprunner.runner:__run_step:292 - run step begin: /v3/api/list/star_relation/get >>>>>>
2021-03-17 12:13:56.579 | DEBUG    | httprunner.client:request:186 - client IP: 192.168.231.179, Port: 59229
2021-03-17 12:13:56.587 | DEBUG    | httprunner.client:request:194 - server IP: 36.156.208.238, Port: 443
2021-03-17 12:13:56.596 | DEBUG    | httprunner.client:log_print:40 - 
================== request details ==================
method   : GET
url      : https://api2.mubu.com/v3/api/list/star_relation/get
headers  : {
    "user-agent": "Mozilla/5.0 (Windows NT 10.0; Win64; x64) AppleWebKit/537.36 (KHTML, like Gecko) Chrome/88.0.4324.190 Safari/537.36",
    "accept-encoding": "gzip, deflate, br",
    "accept": "application/json, text/plain, */*",
    "Connection": "keep-alive",
    "accept-language": "zh-CN,zh;q=0.9",
    "data-unique-id": "e23852bf-c225-43e6-8ce5-ea88ee9496ff",
    "jwt-token": "eyJ0eXAiOiJKV1QiLCJhbGciOiJIUzUxMiJ9.eyJhcHAiOiJtdWJ1Iiwic3ViIjoiMTEzODI5MjUiLCJleHAiOjE2MTg0ODc1NTMsImlhdCI6MTYxNTg5NTU1M30.qQPgP5DQcpnHa5fFFZD-T-iOJ4vDExO_MwIbDxGh6PK3jCDYmCPN0Pi8ZzU82ao8rXqH_ZU69J8zW0W464cgtg",
    "origin": "https://mubu.com",
    "referer": "https://mubu.com/",
    "sec-fetch-dest": "empty",
    "sec-fetch-mode": "cors",
    "sec-fetch-site": "same-site",
    "version": "3.0.0.21145",
    "x-request-id": "9d2fc75d-3b1e-4716-bd9e-8baae0fc4ea1",
    "HRUN-Request-ID": "HRUN-e0491333-197d-49db-a3ee-210342b1b5b9-436477"
}
cookies  : {}
body     : None

2021-03-17 12:13:56.600 | DEBUG    | httprunner.client:log_print:40 - 
================== response details ==================
status_code : 200
headers  : {
    "Server": "Tengine",
    "Content-Type": "application/json;charset=UTF-8",
    "Transfer-Encoding": "chunked",
    "Connection": "keep-alive",
    "Date": "Wed, 17 Mar 2021 04:13:57 GMT",
    "Vary": "Accept-Encoding",
    "access-control-allow-origin": "*",
    "access-control-allow-methods": "POST,GET,OPTIONS,DELETE,HEAD,PUT",
    "access-control-max-age": "86400",
    "access-control-allow-credentials": "true",
    "access-control-allow-headers": "X-request-Id,x-requested-with,jwt-token,request-id,member-id,Content-Type,X-FILENAME,data-unique-id,AB-Server-Version,Device-Id,token,Channel-Id,channel,system,platform,Channel-Name,version,mubu-app,mubu-desktop,Checksum,user-agent,Origin,Accept",
    "x-application-context": "mubu.biz.openapi:online.cn:9238",
    "X-Tt-Logid": "202103171213570101511431454700FEC6",
    "x-envoy-response-flags": "-",
    "X-Agw-Info": "BnNdJWdjR8F4cVCMRJVltvAMxqcdVMVTz0lThtWNhfVHKTD9hu94FtM1j9-_Rpv8Wv3bGaaag0JHwnQcULXSEQR7EYuDxz2W3veMHMmbHShrhdJknX5U7fG7eu2vblyVW-cFSf-ju0bbWLsb9zI5HDnq6MFtfati_cSk",
    "X-TRANS-LEVEL": "0",
    "Server-Timing": "inner; dur=10, tt_agw; dur=9",
    "x-tt-trace-host": "0189113bbfceb565ff456c8c75e60a36808d02d538fcfc99b93104908e71c04c9a0798401cced5d3593ad9854fd26a46ca84ae0a55ec4442378a0aa414aa3c977f2c4e1db8e7aa1f68b6021d4c6f0058ed",
    "x-tt-trace-tag": "id=3;cdn-cache=miss",
    "X-TT-TIMESTAMP": "1615954437.289",
    "Content-Encoding": "gzip",
    "Via": "c18.l2ea120-6(78,0), vc21.cn1909(94,0)",
    "Timing-Allow-Origin": "*",
    "EagleId": "249cd0ab16159544372173367e"
}
cookies  : {}
encoding : UTF-8
content_type : application/json;charset=UTF-8
body     : {
    "code": 0,
    "data": []
}

2021-03-17 12:13:56.604 | INFO     | httprunner.client:request:217 - status_code: 200, response_time(ms): 102.26 ms, response_length: 0 bytes
2021-03-17 12:13:56.606 | INFO     | httprunner.response:validate:246 - assert status_code equal 200(int)	==> pass
2021-03-17 12:13:56.612 | INFO     | httprunner.response:validate:246 - assert body.code equal 0(int)	==> pass
2021-03-17 12:13:56.616 | INFO     | httprunner.runner:__run_step:304 - run step end: /v3/api/list/star_relation/get <<<<<<

2021-03-17 12:13:56.618 | INFO     | httprunner.runner:__run_step:292 - run step begin: /v3/api/user/get_user_params >>>>>>
2021-03-17 12:13:56.743 | DEBUG    | httprunner.client:request:186 - client IP: 192.168.231.179, Port: 59229
2021-03-17 12:13:56.749 | DEBUG    | httprunner.client:request:194 - server IP: 36.156.208.238, Port: 443
2021-03-17 12:13:56.753 | DEBUG    | httprunner.client:log_print:40 - 
================== request details ==================
method   : POST
url      : https://api2.mubu.com/v3/api/user/get_user_params
headers  : {
    "user-agent": "Mozilla/5.0 (Windows NT 10.0; Win64; x64) AppleWebKit/537.36 (KHTML, like Gecko) Chrome/88.0.4324.190 Safari/537.36",
    "accept-encoding": "gzip, deflate, br",
    "accept": "application/json, text/plain, */*",
    "Connection": "keep-alive",
    "accept-language": "zh-CN,zh;q=0.9",
    "content-length": "0",
    "data-unique-id": "e23852bf-c225-43e6-8ce5-ea88ee9496ff",
    "jwt-token": "eyJ0eXAiOiJKV1QiLCJhbGciOiJIUzUxMiJ9.eyJhcHAiOiJtdWJ1Iiwic3ViIjoiMTEzODI5MjUiLCJleHAiOjE2MTg0ODc1NTMsImlhdCI6MTYxNTg5NTU1M30.qQPgP5DQcpnHa5fFFZD-T-iOJ4vDExO_MwIbDxGh6PK3jCDYmCPN0Pi8ZzU82ao8rXqH_ZU69J8zW0W464cgtg",
    "origin": "https://mubu.com",
    "referer": "https://mubu.com/",
    "sec-fetch-dest": "empty",
    "sec-fetch-mode": "cors",
    "sec-fetch-site": "same-site",
    "version": "3.0.0.21145",
    "x-request-id": "1da723bd-093a-4547-859f-8798314bdb13",
    "HRUN-Request-ID": "HRUN-e0491333-197d-49db-a3ee-210342b1b5b9-436621"
}
cookies  : {}
body     : None

2021-03-17 12:13:56.755 | DEBUG    | httprunner.client:log_print:40 - 
================== response details ==================
status_code : 200
headers  : {
    "Server": "Tengine",
    "Content-Type": "application/json;charset=UTF-8",
    "Transfer-Encoding": "chunked",
    "Connection": "keep-alive",
    "Date": "Wed, 17 Mar 2021 04:13:57 GMT",
    "Vary": "Accept-Encoding",
    "access-control-allow-origin": "*",
    "access-control-allow-methods": "POST,GET,OPTIONS,DELETE,HEAD,PUT",
    "access-control-max-age": "86400",
    "access-control-allow-credentials": "true",
    "access-control-allow-headers": "X-request-Id,x-requested-with,jwt-token,request-id,member-id,Content-Type,X-FILENAME,data-unique-id,AB-Server-Version,Device-Id,token,Channel-Id,channel,system,platform,Channel-Name,version,mubu-app,mubu-desktop,Checksum,user-agent,Origin,Accept",
    "x-application-context": "mubu.biz.openapi:online.cn:9307",
    "X-Tt-Logid": "202103171213570101501400444D010E6F",
    "x-envoy-response-flags": "-",
    "X-Agw-Info": "6T0IjTyUO8-WQIwCGyzas4Krd52hoiLXQD5VXGdg14cNu1FrfwJ82ATADqGJ1AgvoWGl8VPAqcOmZa0gaqWhFq1pPBBij6OnpkSl8qlU5gb8eCzoNiyzBcu3UKotAMD9J3YnxWD3gORY1La6iK0eQyVPLsT1vNfYDQSW",
    "X-TRANS-LEVEL": "0",
    "Server-Timing": "inner; dur=12, tt_agw; dur=10",
    "x-tt-trace-host": "014c3d37311fcbb99c95d5e408fe4ba5e74a70db29413ea0be9cb557406f7e390084f1429e04e95e2392eef4d808d5cf45a168b4ae4a81b5dc115d26e74e1f9da9d6a6aec68d1b83bc2e540077d629447d",
    "x-tt-trace-tag": "id=3;cdn-cache=miss",
    "X-TT-TIMESTAMP": "1615954437.438",
    "Content-Encoding": "gzip",
    "Via": "c18.l2ea120-6(90,0), vc21.cn1909(113,0)",
    "Timing-Allow-Origin": "*",
    "EagleId": "249cd0ab16159544373623878e"
}
cookies  : {}
encoding : UTF-8
content_type : application/json;charset=UTF-8
body     : {
    "code": 0,
    "data": {
        "source": "",
        "ABVersionsId": ""
    }
}

2021-03-17 12:13:56.757 | INFO     | httprunner.client:request:217 - status_code: 200, response_time(ms): 122.64 ms, response_length: 0 bytes
2021-03-17 12:13:56.759 | INFO     | httprunner.response:validate:246 - assert status_code equal 200(int)	==> pass
2021-03-17 12:13:56.761 | INFO     | httprunner.response:validate:246 - assert body.code equal 0(int)	==> pass
2021-03-17 12:13:56.763 | INFO     | httprunner.runner:__run_step:304 - run step end: /v3/api/user/get_user_params <<<<<<

2021-03-17 12:13:56.770 | INFO     | httprunner.runner:__run_step:292 - run step begin: /v3/api/message/get_message_unread >>>>>>
2021-03-17 12:13:56.884 | DEBUG    | httprunner.client:request:186 - client IP: 192.168.231.179, Port: 59229
2021-03-17 12:13:56.892 | DEBUG    | httprunner.client:request:194 - server IP: 36.156.208.238, Port: 443
2021-03-17 12:13:56.898 | DEBUG    | httprunner.client:log_print:40 - 
================== request details ==================
method   : POST
url      : https://api2.mubu.com/v3/api/message/get_message_unread
headers  : {
    "user-agent": "Mozilla/5.0 (Windows NT 10.0; Win64; x64) AppleWebKit/537.36 (KHTML, like Gecko) Chrome/88.0.4324.190 Safari/537.36",
    "accept-encoding": "gzip, deflate, br",
    "accept": "application/json, text/plain, */*",
    "Connection": "keep-alive",
    "accept-language": "zh-CN,zh;q=0.9",
    "Content-Length": "11",
    "content-type": "application/json;charset=UTF-8",
    "data-unique-id": "e23852bf-c225-43e6-8ce5-ea88ee9496ff",
    "jwt-token": "eyJ0eXAiOiJKV1QiLCJhbGciOiJIUzUxMiJ9.eyJhcHAiOiJtdWJ1Iiwic3ViIjoiMTEzODI5MjUiLCJleHAiOjE2MTg0ODc1NTMsImlhdCI6MTYxNTg5NTU1M30.qQPgP5DQcpnHa5fFFZD-T-iOJ4vDExO_MwIbDxGh6PK3jCDYmCPN0Pi8ZzU82ao8rXqH_ZU69J8zW0W464cgtg",
    "origin": "https://mubu.com",
    "referer": "https://mubu.com/",
    "sec-fetch-dest": "empty",
    "sec-fetch-mode": "cors",
    "sec-fetch-site": "same-site",
    "version": "3.0.0.21145",
    "x-request-id": "fd37d2cc-80d1-4bda-a9f0-8dbbea238488",
    "HRUN-Request-ID": "HRUN-e0491333-197d-49db-a3ee-210342b1b5b9-436772"
}
cookies  : {}
body     : {
    "page": 1
}

2021-03-17 12:13:56.902 | DEBUG    | httprunner.client:log_print:40 - 
================== response details ==================
status_code : 200
headers  : {
    "Server": "Tengine",
    "Content-Type": "application/json;charset=UTF-8",
    "Transfer-Encoding": "chunked",
    "Connection": "keep-alive",
    "Date": "Wed, 17 Mar 2021 04:13:57 GMT",
    "Vary": "Accept-Encoding",
    "access-control-allow-origin": "*",
    "access-control-allow-methods": "POST,GET,OPTIONS,DELETE,HEAD,PUT",
    "access-control-max-age": "86400",
    "access-control-allow-credentials": "true",
    "access-control-allow-headers": "X-request-Id,x-requested-with,jwt-token,request-id,member-id,Content-Type,X-FILENAME,data-unique-id,AB-Server-Version,Device-Id,token,Channel-Id,channel,system,platform,Channel-Name,version,mubu-app,mubu-desktop,Checksum,user-agent,Origin,Accept",
    "x-application-context": "mubu.biz.openapi:online.cn:9307",
    "X-Tt-Logid": "202103171213570101501341310C010206",
    "x-envoy-response-flags": "-",
    "X-Agw-Info": "SBcAxbxI4FWH_6BIKrdfOPNy30utBIcQktjfsk06qx6RcJZDHetJ6ouI4pJtr-r8NILlcrcX3oBD61zmqlGj3VraiC8JIdIonBxSG3GL81L_l4L3qA5KqSmhA0clZE6x90HNPzdCcRiVwXiHtJatBNOtlNkTfq2G-dAh",
    "X-TRANS-LEVEL": "0",
    "Server-Timing": "inner; dur=12, tt_agw; dur=11",
    "x-tt-trace-host": "0189113bbfceb565ff456c8c75e60a36802145e2c297b41eaaf0602b01b3b9867bbc8aaa82dd3d64d2829c3add7a50cd27b7cf376fe7e40fdd714501f863e214f624b5de4e2ee3f349a3e43316d83e8849",
    "x-tt-trace-tag": "id=3;cdn-cache=miss",
    "X-TT-TIMESTAMP": "1615954437.581",
    "Content-Encoding": "gzip",
    "Via": "c23.l2ea120-6(79,0), vc21.cn1909(101,0)",
    "Timing-Allow-Origin": "*",
    "EagleId": "249cd0ab16159544375134405e"
}
cookies  : {}
encoding : UTF-8
content_type : application/json;charset=UTF-8
body     : {
    "code": 0,
    "data": {
        "unreadCount": 0
    }
}

2021-03-17 12:13:56.908 | INFO     | httprunner.client:request:217 - status_code: 200, response_time(ms): 111.31 ms, response_length: 0 bytes
2021-03-17 12:13:56.911 | INFO     | httprunner.response:validate:246 - assert status_code equal 200(int)	==> pass
2021-03-17 12:13:56.912 | INFO     | httprunner.response:validate:246 - assert body.code equal 0(int)	==> pass
2021-03-17 12:13:56.914 | INFO     | httprunner.runner:__run_step:304 - run step end: /v3/api/message/get_message_unread <<<<<<

2021-03-17 12:13:56.915 | INFO     | httprunner.runner:__run_step:292 - run step begin: /v3/api/advertisement/get >>>>>>
2021-03-17 12:13:57.053 | DEBUG    | httprunner.client:request:186 - client IP: 192.168.231.179, Port: 59229
2021-03-17 12:13:57.063 | DEBUG    | httprunner.client:request:194 - server IP: 36.156.208.238, Port: 443
2021-03-17 12:13:57.070 | DEBUG    | httprunner.client:log_print:40 - 
================== request details ==================
method   : POST
url      : https://api2.mubu.com/v3/api/advertisement/get
headers  : {
    "user-agent": "Mozilla/5.0 (Windows NT 10.0; Win64; x64) AppleWebKit/537.36 (KHTML, like Gecko) Chrome/88.0.4324.190 Safari/537.36",
    "accept-encoding": "gzip, deflate, br",
    "accept": "application/json, text/plain, */*",
    "Connection": "keep-alive",
    "accept-language": "zh-CN,zh;q=0.9",
    "Content-Length": "11",
    "content-type": "application/json;charset=UTF-8",
    "data-unique-id": "e23852bf-c225-43e6-8ce5-ea88ee9496ff",
    "jwt-token": "eyJ0eXAiOiJKV1QiLCJhbGciOiJIUzUxMiJ9.eyJhcHAiOiJtdWJ1Iiwic3ViIjoiMTEzODI5MjUiLCJleHAiOjE2MTg0ODc1NTMsImlhdCI6MTYxNTg5NTU1M30.qQPgP5DQcpnHa5fFFZD-T-iOJ4vDExO_MwIbDxGh6PK3jCDYmCPN0Pi8ZzU82ao8rXqH_ZU69J8zW0W464cgtg",
    "origin": "https://mubu.com",
    "referer": "https://mubu.com/",
    "sec-fetch-dest": "empty",
    "sec-fetch-mode": "cors",
    "sec-fetch-site": "same-site",
    "version": "3.0.0.21145",
    "x-request-id": "accda8d7-7c31-4eb5-a618-4e356ef0ec53",
    "HRUN-Request-ID": "HRUN-e0491333-197d-49db-a3ee-210342b1b5b9-436917"
}
cookies  : {}
body     : {
    "type": 1
}

2021-03-17 12:13:57.073 | DEBUG    | httprunner.client:log_print:40 - 
================== response details ==================
status_code : 200
headers  : {
    "Server": "Tengine",
    "Content-Type": "application/json;charset=UTF-8",
    "Transfer-Encoding": "chunked",
    "Connection": "keep-alive",
    "Date": "Wed, 17 Mar 2021 04:13:57 GMT",
    "Vary": "Accept-Encoding",
    "access-control-allow-origin": "*",
    "access-control-allow-methods": "POST,GET,OPTIONS,DELETE,HEAD,PUT",
    "access-control-max-age": "86400",
    "access-control-allow-credentials": "true",
    "access-control-allow-headers": "X-request-Id,x-requested-with,jwt-token,request-id,member-id,Content-Type,X-FILENAME,data-unique-id,AB-Server-Version,Device-Id,token,Channel-Id,channel,system,platform,Channel-Name,version,mubu-app,mubu-desktop,Checksum,user-agent,Origin,Accept",
    "x-application-context": "mubu.biz.openapi:online.cn:9234",
    "X-Tt-Logid": "2021031712135701015112616615010261",
    "x-envoy-response-flags": "-",
    "X-Agw-Info": "KSHgZgPrWjDY-oWRUUB0SxmfwDjVUrTSXkcjGOgIaHBDhr3Ew5hkaBmy50qyTWhPyuqbYgclz0ES7x5LeyRyoSW-5iLL9qNy4r-ejJGO7VDLsrf0PG9GdOWe2AiUuZr9uXtyzwK3iV3tTVyOfGbiFKHvHlgUyQpMlFI=",
    "X-TRANS-LEVEL": "0",
    "Server-Timing": "inner; dur=14, tt_agw; dur=12",
    "x-tt-trace-host": "014c3d37311fcbb99c95d5e408fe4ba5e74a70db29413ea0be9cb557406f7e3900d2545b01a457ffba61d0ec2a663a8308af33c46c75aee9c70c3feb981257bb4fac7f5a2550b69e8070b681e584a8a86f",
    "x-tt-trace-tag": "id=3;cdn-cache=miss",
    "X-TT-TIMESTAMP": "1615954437.741",
    "Content-Encoding": "gzip",
    "Via": "c18.l2ea120-6(83,0), vc21.cn1909(100,0)",
    "Timing-Allow-Origin": "*",
    "EagleId": "249cd0ab16159544376704968e"
}
cookies  : {}
encoding : UTF-8
content_type : application/json;charset=UTF-8
body     : {
    "code": 0
}

2021-03-17 12:13:57.077 | INFO     | httprunner.client:request:217 - status_code: 200, response_time(ms): 136.56 ms, response_length: 0 bytes
2021-03-17 12:13:57.079 | INFO     | httprunner.response:validate:246 - assert status_code equal 200(int)	==> pass
2021-03-17 12:13:57.081 | INFO     | httprunner.response:validate:246 - assert body.code equal 0(int)	==> pass
2021-03-17 12:13:57.083 | INFO     | httprunner.runner:__run_step:304 - run step end: /v3/api/advertisement/get <<<<<<

